{
  "stats": {
    "suites": 1,
    "tests": 6,
    "passes": 5,
    "pending": 0,
    "failures": 1,
    "start": "2023-03-22T01:50:26.261Z",
    "end": "2023-03-22T01:50:37.142Z",
    "duration": 10881,
    "testsRegistered": 6,
    "passPercent": 83.33333333333334,
    "pendingPercent": 0,
    "other": 0,
    "hasOther": false,
    "skipped": 0,
    "hasSkipped": false
  },
  "results": [
    {
      "uuid": "37fb4372-2b0c-409c-9c33-91a371323836",
      "title": "",
      "fullFile": "cypress\\e2e\\buyaHouse.cy.js",
      "file": "cypress\\e2e\\buyaHouse.cy.js",
      "beforeHooks": [],
      "afterHooks": [],
      "tests": [],
      "suites": [
        {
          "uuid": "f669817f-764d-4f7a-a97b-12c63d67757d",
          "title": "Validate buyaHouse page",
          "fullFile": "",
          "file": "",
          "beforeHooks": [],
          "afterHooks": [],
          "tests": [
            {
              "title": "Validate money inputs format and restrictions",
              "fullTitle": "Validate buyaHouse page Validate money inputs format and restrictions",
              "timedOut": null,
              "duration": 2007,
              "state": "passed",
              "speed": "fast",
              "pass": true,
              "fail": false,
              "pending": false,
              "context": null,
              "code": "cy.fillMoneyInput('abc\"!@#$-K/*').should('have.value', '');\ncy.fillMoneyInput('999999').should('have.value', '9,999.99');",
              "err": {},
              "uuid": "1cb15bd1-ba38-4d1e-afa2-1472f30bb262",
              "parentUUID": "f669817f-764d-4f7a-a97b-12c63d67757d",
              "isHook": false,
              "skipped": false
            },
            {
              "title": "Validate initial month and year for date inputs",
              "fullTitle": "Validate buyaHouse page Validate initial month and year for date inputs",
              "timedOut": null,
              "duration": 260,
              "state": "passed",
              "speed": "fast",
              "pass": true,
              "fail": false,
              "pending": false,
              "context": null,
              "code": "cy.containsDateMonth(utils.getCurrentMonth());\ncy.containsDateYear(utils.getCurrentYear());",
              "err": {},
              "uuid": "964c1fdd-e913-4eec-88e9-05ea1e82705e",
              "parentUUID": "f669817f-764d-4f7a-a97b-12c63d67757d",
              "isHook": false,
              "skipped": false
            },
            {
              "title": "validate month, year and value for 12 right arrow clicks",
              "fullTitle": "Validate buyaHouse page validate month, year and value for 12 right arrow clicks",
              "timedOut": null,
              "duration": 1734,
              "state": "passed",
              "speed": "fast",
              "pass": true,
              "fail": false,
              "pending": false,
              "context": null,
              "code": "let moneyamount = 165749874;\ncy.fillMoneyInput(moneyamount.toString());\nlet currentMonth = utils.getCurrentMonth();\nlet currentYear = utils.getCurrentYear();\nfor (let i = 0; i < 12; i++) {\n  let nextMonth = utils.getNextMonth(currentMonth);\n  let nextYear = utils.getNextYear(currentMonth, currentYear);\n  let monthlyInstallments = (moneyamount / 100 / (i + 1)).toFixed(2);\n  let monthlyInstallmentsStr = '$' + monthlyInstallments.replace(/\\B(?=(\\d{3})+(?!\\d))/g, \",\");\n  cy.contains('Monthly amount').parent().parent().find('div').its(1).find('p').contains(monthlyInstallmentsStr);\n  validateMonthAndYear(currentMonth, currentYear, nextMonth, nextYear);\n  currentMonth = nextMonth;\n  currentYear = nextYear;\n}",
              "err": {},
              "uuid": "816d8c3e-c398-473e-926d-4f83c1cba072",
              "parentUUID": "f669817f-764d-4f7a-a97b-12c63d67757d",
              "isHook": false,
              "skipped": false
            },
            {
              "title": "Validate the usability of keyboard arrows in date input field",
              "fullTitle": "Validate buyaHouse page Validate the usability of keyboard arrows in date input field",
              "timedOut": null,
              "duration": 395,
              "state": "passed",
              "speed": "fast",
              "pass": true,
              "fail": false,
              "pending": false,
              "context": null,
              "code": "cy.get('[data-testid=\"reachDate\"]').focus();\ncy.get('[data-testid=\"reachDate\"]').type('{rightArrow}');\nlet currentMonth = utils.getCurrentMonth();\nlet nextMonth = utils.getNextMonth(currentMonth);\ncy.get('[data-testid=\"reachDateMonth\"]').should('be.visible').and('contain.text', nextMonth);\ncy.get('[data-testid=\"reachDate\"]').focus();\ncy.get('[data-testid=\"reachDate\"]').type('{leftArrow}');\ncy.get('[data-testid=\"reachDateMonth\"]').should('be.visible').and('contain.text', currentMonth);",
              "err": {},
              "uuid": "6cb5c4c1-4829-4804-ac8c-096f176c63ad",
              "parentUUID": "f669817f-764d-4f7a-a97b-12c63d67757d",
              "isHook": false,
              "skipped": false
            },
            {
              "title": "Validate left arrow being disabled when current date",
              "fullTitle": "Validate buyaHouse page Validate left arrow being disabled when current date",
              "timedOut": null,
              "duration": 291,
              "state": "passed",
              "speed": "fast",
              "pass": true,
              "fail": false,
              "pending": false,
              "context": null,
              "code": "cy.containsDateMonth(utils.getCurrentMonth());\ncy.containsDateYear(utils.getCurrentYear());\ncy.get('[data-testid=\"reachDateDecrement\"]').click({\n  force: true\n});\ncy.get('[data-testid=\"reachDateDecrement\"]').should('not.be.enabled');\ncy.containsDateMonth(utils.getCurrentMonth());\ncy.containsDateYear(utils.getCurrentYear());",
              "err": {},
              "uuid": "19584094-7279-4207-b410-8c9119f9a768",
              "parentUUID": "f669817f-764d-4f7a-a97b-12c63d67757d",
              "isHook": false,
              "skipped": false
            },
            {
              "title": "Validate maximum amount of chacteres in money input field",
              "fullTitle": "Validate buyaHouse page Validate maximum amount of chacteres in money input field",
              "timedOut": null,
              "duration": 4408,
              "state": "failed",
              "speed": null,
              "pass": false,
              "fail": true,
              "pending": false,
              "context": null,
              "code": "cy.fillMoneyInput('10000000000000000000000').should('have.value', '100,000,000,000,000,000,000.00');",
              "err": {
                "message": "AssertionError: Timed out retrying after 4000ms: expected '<input.sc-eCImPb.fQhPco>' to have value '100,000,000,000,000,000,000.00', but the value was '1e+.21'",
                "estack": "AssertionError: Timed out retrying after 4000ms: expected '<input.sc-eCImPb.fQhPco>' to have value '100,000,000,000,000,000,000.00', but the value was '1e+.21'\n    at Context.eval (webpack:///./cypress/e2e/buyaHouse.cy.js:80:49)",
                "diff": "- '1e+.21'\n+ '100,000,000,000,000,000,000.00'\n"
              },
              "uuid": "92bdc5dc-49cf-4551-bfca-350ecfa95106",
              "parentUUID": "f669817f-764d-4f7a-a97b-12c63d67757d",
              "isHook": false,
              "skipped": false
            }
          ],
          "suites": [],
          "passes": [
            "1cb15bd1-ba38-4d1e-afa2-1472f30bb262",
            "964c1fdd-e913-4eec-88e9-05ea1e82705e",
            "816d8c3e-c398-473e-926d-4f83c1cba072",
            "6cb5c4c1-4829-4804-ac8c-096f176c63ad",
            "19584094-7279-4207-b410-8c9119f9a768"
          ],
          "failures": [
            "92bdc5dc-49cf-4551-bfca-350ecfa95106"
          ],
          "pending": [],
          "skipped": [],
          "duration": 9095,
          "root": false,
          "rootEmpty": false,
          "_timeout": 2000
        }
      ],
      "passes": [],
      "failures": [],
      "pending": [],
      "skipped": [],
      "duration": 0,
      "root": true,
      "rootEmpty": true,
      "_timeout": 2000
    }
  ],
  "meta": {
    "mocha": {
      "version": "7.0.1"
    },
    "mochawesome": {
      "options": {
        "quiet": false,
        "reportFilename": "mochawesome",
        "saveHtml": true,
        "saveJson": true,
        "consoleReporter": "spec",
        "useInlineDiffs": false,
        "code": true
      },
      "version": "7.1.3"
    },
    "marge": {
      "options": {
        "reportDir": "cypress/results",
        "overwrite": true,
        "html": true,
        "json": true
      },
      "version": "6.2.0"
    }
  }
}