{
  "stats": {
    "suites": 1,
    "tests": 6,
    "passes": 5,
    "pending": 0,
    "failures": 1,
    "start": "2023-03-22T02:41:26.062Z",
    "end": "2023-03-22T02:41:37.231Z",
    "duration": 11169,
    "testsRegistered": 6,
    "passPercent": 83.33333333333334,
    "pendingPercent": 0,
    "other": 0,
    "hasOther": false,
    "skipped": 0,
    "hasSkipped": false
  },
  "results": [
    {
      "uuid": "2ef9fe25-ba86-444b-8f2d-5a9b264327ac",
      "title": "",
      "fullFile": "cypress\\e2e\\buyaHouse.cy.js",
      "file": "cypress\\e2e\\buyaHouse.cy.js",
      "beforeHooks": [],
      "afterHooks": [],
      "tests": [],
      "suites": [
        {
          "uuid": "4e1a12e6-bc78-4d6f-8255-f45f313dcccb",
          "title": "Validate buyaHouse page",
          "fullFile": "",
          "file": "",
          "beforeHooks": [],
          "afterHooks": [],
          "tests": [
            {
              "title": "Validate money inputs format and restrictions",
              "fullTitle": "Validate buyaHouse page Validate money inputs format and restrictions",
              "timedOut": null,
              "duration": 2154,
              "state": "passed",
              "speed": "fast",
              "pass": true,
              "fail": false,
              "pending": false,
              "context": null,
              "code": "cy.fillMoneyInput('abc\"!@#$-K/*').should('have.value', '');\ncy.fillMoneyInput('999999').should('have.value', '9,999.99');",
              "err": {},
              "uuid": "e8ec45ea-298f-48fa-8c50-3353286bed92",
              "parentUUID": "4e1a12e6-bc78-4d6f-8255-f45f313dcccb",
              "isHook": false,
              "skipped": false
            },
            {
              "title": "Validate initial month and year for date inputs",
              "fullTitle": "Validate buyaHouse page Validate initial month and year for date inputs",
              "timedOut": null,
              "duration": 252,
              "state": "passed",
              "speed": "fast",
              "pass": true,
              "fail": false,
              "pending": false,
              "context": null,
              "code": "cy.containsDateMonth(utils.getCurrentMonth());\ncy.containsDateYear(utils.getCurrentYear());",
              "err": {},
              "uuid": "dbb0d88b-d077-4881-b343-747762780d01",
              "parentUUID": "4e1a12e6-bc78-4d6f-8255-f45f313dcccb",
              "isHook": false,
              "skipped": false
            },
            {
              "title": "validate month, year and value for 12 right arrow clicks",
              "fullTitle": "Validate buyaHouse page validate month, year and value for 12 right arrow clicks",
              "timedOut": null,
              "duration": 1777,
              "state": "passed",
              "speed": "fast",
              "pass": true,
              "fail": false,
              "pending": false,
              "context": null,
              "code": "let moneyamount = 165749874;\ncy.fillMoneyInput(moneyamount.toString());\nlet currentMonth = utils.getCurrentMonth();\nlet currentYear = utils.getCurrentYear();\nfor (let i = 0; i < 12; i++) {\n  let nextMonth = utils.getNextMonth(currentMonth);\n  let nextYear = utils.getNextYear(currentMonth, currentYear);\n  let monthlyInstallments = (moneyamount / 100 / (i + 1)).toFixed(2);\n  let monthlyInstallmentsStr = '$' + monthlyInstallments.replace(/\\B(?=(\\d{3})+(?!\\d))/g, \",\");\n  cy.contains('Monthly amount').parent().parent().find('div').its(1).find('p').contains(monthlyInstallmentsStr);\n  validateMonthAndYear(currentMonth, currentYear, nextMonth, nextYear);\n  currentMonth = nextMonth;\n  currentYear = nextYear;\n}",
              "err": {},
              "uuid": "2456eaff-34e5-4e46-8b88-c453f8641bfc",
              "parentUUID": "4e1a12e6-bc78-4d6f-8255-f45f313dcccb",
              "isHook": false,
              "skipped": false
            },
            {
              "title": "Validate the usability of keyboard arrows in date input field",
              "fullTitle": "Validate buyaHouse page Validate the usability of keyboard arrows in date input field",
              "timedOut": null,
              "duration": 417,
              "state": "passed",
              "speed": "fast",
              "pass": true,
              "fail": false,
              "pending": false,
              "context": null,
              "code": "cy.get('[data-testid=\"reachDate\"]').focus();\ncy.get('[data-testid=\"reachDate\"]').type('{rightArrow}');\nlet currentMonth = utils.getCurrentMonth();\nlet nextMonth = utils.getNextMonth(currentMonth);\ncy.get('[data-testid=\"reachDateMonth\"]').should('be.visible').and('contain.text', nextMonth);\ncy.get('[data-testid=\"reachDate\"]').focus();\ncy.get('[data-testid=\"reachDate\"]').type('{leftArrow}');\ncy.get('[data-testid=\"reachDateMonth\"]').should('be.visible').and('contain.text', currentMonth);",
              "err": {},
              "uuid": "0e124ed9-2639-4701-9008-a6d1724992c0",
              "parentUUID": "4e1a12e6-bc78-4d6f-8255-f45f313dcccb",
              "isHook": false,
              "skipped": false
            },
            {
              "title": "Validate left arrow being disabled when current date",
              "fullTitle": "Validate buyaHouse page Validate left arrow being disabled when current date",
              "timedOut": null,
              "duration": 318,
              "state": "passed",
              "speed": "fast",
              "pass": true,
              "fail": false,
              "pending": false,
              "context": null,
              "code": "cy.containsDateMonth(utils.getCurrentMonth());\ncy.containsDateYear(utils.getCurrentYear());\ncy.get('[data-testid=\"reachDateDecrement\"]').click({\n  force: true\n});\ncy.get('[data-testid=\"reachDateDecrement\"]').should('not.be.enabled');\ncy.containsDateMonth(utils.getCurrentMonth());\ncy.containsDateYear(utils.getCurrentYear());",
              "err": {},
              "uuid": "5c3a188b-0532-4706-9552-97a0a68b8600",
              "parentUUID": "4e1a12e6-bc78-4d6f-8255-f45f313dcccb",
              "isHook": false,
              "skipped": false
            },
            {
              "title": "Validate maximum amount of chacteres in money input field",
              "fullTitle": "Validate buyaHouse page Validate maximum amount of chacteres in money input field",
              "timedOut": null,
              "duration": 4454,
              "state": "failed",
              "speed": null,
              "pass": false,
              "fail": true,
              "pending": false,
              "context": null,
              "code": "cy.fillMoneyInput('10000000000000000000000').should('have.value', '100,000,000,000,000,000,000.00');",
              "err": {
                "message": "AssertionError: Timed out retrying after 4000ms: expected '<input.sc-eCImPb.fQhPco>' to have value '100,000,000,000,000,000,000.00', but the value was '1e+.21'",
                "estack": "AssertionError: Timed out retrying after 4000ms: expected '<input.sc-eCImPb.fQhPco>' to have value '100,000,000,000,000,000,000.00', but the value was '1e+.21'\n    at Context.eval (webpack:///./cypress/e2e/buyaHouse.cy.js:80:49)",
                "diff": "- '1e+.21'\n+ '100,000,000,000,000,000,000.00'\n"
              },
              "uuid": "7a4e0410-3b4c-4e57-9be0-4f5fbbf0ecce",
              "parentUUID": "4e1a12e6-bc78-4d6f-8255-f45f313dcccb",
              "isHook": false,
              "skipped": false
            }
          ],
          "suites": [],
          "passes": [
            "e8ec45ea-298f-48fa-8c50-3353286bed92",
            "dbb0d88b-d077-4881-b343-747762780d01",
            "2456eaff-34e5-4e46-8b88-c453f8641bfc",
            "0e124ed9-2639-4701-9008-a6d1724992c0",
            "5c3a188b-0532-4706-9552-97a0a68b8600"
          ],
          "failures": [
            "7a4e0410-3b4c-4e57-9be0-4f5fbbf0ecce"
          ],
          "pending": [],
          "skipped": [],
          "duration": 9372,
          "root": false,
          "rootEmpty": false,
          "_timeout": 2000
        }
      ],
      "passes": [],
      "failures": [],
      "pending": [],
      "skipped": [],
      "duration": 0,
      "root": true,
      "rootEmpty": true,
      "_timeout": 2000
    }
  ],
  "meta": {
    "mocha": {
      "version": "7.0.1"
    },
    "mochawesome": {
      "options": {
        "quiet": false,
        "reportFilename": "mochawesome",
        "saveHtml": true,
        "saveJson": true,
        "consoleReporter": "spec",
        "useInlineDiffs": false,
        "code": true
      },
      "version": "7.1.3"
    },
    "marge": {
      "options": {
        "reportDir": "cypress/results",
        "overwrite": true,
        "html": true,
        "json": true
      },
      "version": "6.2.0"
    }
  }
}